C51 COMPILER V9.56.0.0   EXP2_1                                                            10/31/2023 17:08:15 PAGE 1   


C51 COMPILER V9.56.0.0, COMPILATION OF MODULE EXP2_1
OBJECT MODULE PLACED IN .\Objects\exp2_1.obj
COMPILER INVOKED BY: C:\Keil_v5\C51\BIN\C51.EXE exp2_1.c OPTIMIZE(8,SPEED) BROWSE DEBUG OBJECTEXTEND PRINT(.\Listings\ex
                    -p2_1.lst) TABS(2) OBJECT(.\Objects\exp2_1.obj)

line level    source

   1          #include<reg51.h>
   2          void MSdelay(unsigned int);
   3          void main(void){
   4   1        while(1){
   5   2          P1=0XFF;
   6   2          MSdelay(250);
   7   2          P1=0X00;
   8   2          MSdelay(250);
   9   2        }
  10   1      }
  11          void MSdelay(unsigned int time){
  12   1        unsigned int i,j;
  13   1        for(i=0;i<time;i++)
  14   1        {
  15   2        for(j=0;j<1275;j++){}
  16   2        }
  17   1      }


MODULE INFORMATION:   STATIC OVERLAYABLE
   CODE SIZE        =     53    ----
   CONSTANT SIZE    =   ----    ----
   XDATA SIZE       =   ----    ----
   PDATA SIZE       =   ----    ----
   DATA SIZE        =   ----    ----
   IDATA SIZE       =   ----    ----
   BIT SIZE         =   ----    ----
END OF MODULE INFORMATION.


C51 COMPILATION COMPLETE.  0 WARNING(S),  0 ERROR(S)
