A51 MACRO ASSEMBLER  EXPT                                                                 10/30/2023 16:28:45 PAGE     1


MACRO ASSEMBLER A51 V8.2.5.0
OBJECT MODULE PLACED IN .\Objects\expt.obj
ASSEMBLER INVOKED BY: C:\Keil_v5\C51\BIN\A51.EXE expt.asm SET(SMALL) DEBUG PRINT(.\Listings\expt.lst) OBJECT(.\Objects\e
                      xpt.obj) EP

LOC  OBJ            LINE     SOURCE

0000                   1             ORG 0000H;

0000 7A0A              2             MOV R2,#0AH;

0002 7829              3             MOV R0, #29H;

0004 792E              4             MOV R1, #2EH;

0006 E6                5             L1: MOV A,@R0;

0007 F7                6                     MOV @R1, A;

0008 18                7                     DEC R0;

0009 19                8                     DEC R1;

000A DAFA              9                     DJNZ R2,L1;

                      10                     END;

A51 MACRO ASSEMBLER  EXPT                                                                 10/30/2023 16:28:45 PAGE     2

SYMBOL TABLE LISTING
------ ----- -------


N A M E             T Y P E  V A L U E   ATTRIBUTES

L1 . . . . . . . .  C ADDR   0006H   A   


REGISTER BANK(S) USED: 0 


ASSEMBLY COMPLETE.  0 WARNING(S), 0 ERROR(S)
