C51 COMPILER V9.56.0.0   EXP2_4                                                            10/31/2023 17:26:55 PAGE 1   


C51 COMPILER V9.56.0.0, COMPILATION OF MODULE EXP2_4
OBJECT MODULE PLACED IN .\Objects\exp2_4.obj
COMPILER INVOKED BY: C:\Keil_v5\C51\BIN\C51.EXE exp2_4.c OPTIMIZE(8,SPEED) BROWSE DEBUG OBJECTEXTEND PRINT(.\Listings\ex
                    -p2_4.lst) TABS(2) OBJECT(.\Objects\exp2_4.obj)

line level    source

   1          #include<reg51.h>
   2          void MSdelay(unsigned int);
   3          void main(void){
   4   1        while(1){
   5   2        unsigned int s,z;
   6   2      
   7   2          for(s=0;s<=9;s++)
   8   2          {
   9   3            for(z=0;z<=9;z++)
  10   3            {
  11   4            P1=(s<<4|z);
  12   4            MSdelay(250);
  13   4            }
  14   3          }
  15   2          
  16   2        }
  17   1      }
  18          void MSdelay(unsigned int time){
  19   1        unsigned int i,j;
  20   1        for(i=0;i<time;i++)
  21   1        {
  22   2        for(j=0;j<1275;j++){}
  23   2        }
  24   1      }


MODULE INFORMATION:   STATIC OVERLAYABLE
   CODE SIZE        =     95    ----
   CONSTANT SIZE    =   ----    ----
   XDATA SIZE       =   ----    ----
   PDATA SIZE       =   ----    ----
   DATA SIZE        =   ----       4
   IDATA SIZE       =   ----    ----
   BIT SIZE         =   ----    ----
END OF MODULE INFORMATION.


C51 COMPILATION COMPLETE.  0 WARNING(S),  0 ERROR(S)
