C51 COMPILER V9.56.0.0   EXP2_5                                                            10/31/2023 17:39:18 PAGE 1   


C51 COMPILER V9.56.0.0, COMPILATION OF MODULE EXP2_5
OBJECT MODULE PLACED IN .\Objects\exp2_5.obj
COMPILER INVOKED BY: C:\Keil_v5\C51\BIN\C51.EXE exp2_5.c OPTIMIZE(8,SPEED) BROWSE DEBUG OBJECTEXTEND PRINT(.\Listings\ex
                    -p2_5.lst) TABS(2) OBJECT(.\Objects\exp2_5.obj)

line level    source

   1          #include<reg51.h>
   2          void MSdelay(unsigned int);
   3          void main(void){
   4   1        while(1){
   5   2        unsigned char z;
   6   2      
   7   2            for(z='A';z<='Z';z++)
   8   2            {
   9   3            P1=(z);
  10   3            MSdelay(250);
  11   3            }
  12   2          
  13   2        }
  14   1      }
  15          void MSdelay(unsigned int time){
  16   1        unsigned int i,j;
  17   1        for(i=0;i<time;i++)
  18   1        {
  19   2        for(j=0;j<1275;j++){}
  20   2        }
  21   1      }


MODULE INFORMATION:   STATIC OVERLAYABLE
   CODE SIZE        =     56    ----
   CONSTANT SIZE    =   ----    ----
   XDATA SIZE       =   ----    ----
   PDATA SIZE       =   ----    ----
   DATA SIZE        =   ----       1
   IDATA SIZE       =   ----    ----
   BIT SIZE         =   ----    ----
END OF MODULE INFORMATION.


C51 COMPILATION COMPLETE.  0 WARNING(S),  0 ERROR(S)
