C51 COMPILER V9.56.0.0   SAWTOOTH                                                          10/31/2023 16:58:04 PAGE 1   


C51 COMPILER V9.56.0.0, COMPILATION OF MODULE SAWTOOTH
OBJECT MODULE PLACED IN .\Objects\sawtooth.obj
COMPILER INVOKED BY: C:\Keil_v5\C51\BIN\C51.EXE sawtooth.c OPTIMIZE(8,SPEED) BROWSE DEBUG OBJECTEXTEND PRINT(.\Listings\
                    -sawtooth.lst) TABS(2) OBJECT(.\Objects\sawtooth.obj)

line level    source

   1          // Online C compiler to run C program online
   2          #include <reg51.h>
   3          
   4          void main(void) {
   5   1          // Write C code here
   6   1          int temp;
   7   1          P1 = 0x00;
   8   1          while(1){
   9   2              
  10   2          P1 = 255;
  11   2             for(temp = 255; temp>=0; temp--){
  12   3            P1 = temp;
  13   3            
  14   3          } 
  15   2            
  16   2          }
  17   1      }


MODULE INFORMATION:   STATIC OVERLAYABLE
   CODE SIZE        =     25    ----
   CONSTANT SIZE    =   ----    ----
   XDATA SIZE       =   ----    ----
   PDATA SIZE       =   ----    ----
   DATA SIZE        =   ----    ----
   IDATA SIZE       =   ----    ----
   BIT SIZE         =   ----    ----
END OF MODULE INFORMATION.


C51 COMPILATION COMPLETE.  0 WARNING(S),  0 ERROR(S)
