C51 COMPILER V9.56.0.0   EXP2_2                                                            10/31/2023 17:19:19 PAGE 1   


C51 COMPILER V9.56.0.0, COMPILATION OF MODULE EXP2_2
OBJECT MODULE PLACED IN .\Objects\exp2_2.obj
COMPILER INVOKED BY: C:\Keil_v5\C51\BIN\C51.EXE exp2_2.c OPTIMIZE(8,SPEED) BROWSE DEBUG OBJECTEXTEND PRINT(.\Listings\ex
                    -p2_2.lst) TABS(2) OBJECT(.\Objects\exp2_2.obj)

line level    source

   1          #include<reg51.h>
   2          void MSdelay(unsigned int);
   3          void main(void){
   4   1        while(1){
   5   2        unsigned int z;
   6   2          P1=0X01;
   7   2          for(z=0;z<9;z++)
   8   2          {
   9   3            MSdelay(250);
  10   3            P1=P1<<1;
  11   3          }
  12   2          MSdelay(250);
  13   2          
  14   2        }
  15   1      }
  16          void MSdelay(unsigned int time){
  17   1        unsigned int i,j;
  18   1        for(i=0;i<time;i++)
  19   1        {
  20   2        for(j=0;j<1275;j++){}
  21   2        }
  22   1      }


MODULE INFORMATION:   STATIC OVERLAYABLE
   CODE SIZE        =     79    ----
   CONSTANT SIZE    =   ----    ----
   XDATA SIZE       =   ----    ----
   PDATA SIZE       =   ----    ----
   DATA SIZE        =   ----       2
   IDATA SIZE       =   ----    ----
   BIT SIZE         =   ----    ----
END OF MODULE INFORMATION.


C51 COMPILATION COMPLETE.  0 WARNING(S),  0 ERROR(S)
